server listening 0.0.0.0:41234
Reply: OK
db error { [Error: Connection lost: The server closed the connection.] fatal: true, code: 'PROTOCOL_CONNECTION_LOST' }
error when connecting to db: { [Error: connect ECONNREFUSED]
  code: 'ECONNREFUSED',
  errno: 'ECONNREFUSED',
  syscall: 'connect',
  fatal: true }
error when connecting to db: { [Error: connect ECONNREFUSED]
  code: 'ECONNREFUSED',
  errno: 'ECONNREFUSED',
  syscall: 'connect',
  fatal: true }
db error { [Error: Connection lost: The server closed the connection.] fatal: true, code: 'PROTOCOL_CONNECTION_LOST' }
error when connecting to db: { [Error: connect ECONNREFUSED]
  code: 'ECONNREFUSED',
  errno: 'ECONNREFUSED',
  syscall: 'connect',
  fatal: true }
error when connecting to db: { [Error: connect ECONNREFUSED]
  code: 'ECONNREFUSED',
  errno: 'ECONNREFUSED',
  syscall: 'connect',
  fatal: true }
error when connecting to db: { [Error: connect ECONNREFUSED]
  code: 'ECONNREFUSED',
  errno: 'ECONNREFUSED',
  syscall: 'connect',
  fatal: true }
error when connecting to db: { [Error: connect ECONNREFUSED]
  code: 'ECONNREFUSED',
  errno: 'ECONNREFUSED',
  syscall: 'connect',
  fatal: true }
error when connecting to db: { [Error: connect ECONNREFUSED]
  code: 'ECONNREFUSED',
  errno: 'ECONNREFUSED',
  syscall: 'connect',
  fatal: true }
error when connecting to db: { [Error: connect ECONNREFUSED]
  code: 'ECONNREFUSED',
  errno: 'ECONNREFUSED',
  syscall: 'connect',
  fatal: true }
error when connecting to db: { [Error: connect ECONNREFUSED]
  code: 'ECONNREFUSED',
  errno: 'ECONNREFUSED',
  syscall: 'connect',
  fatal: true }
error when connecting to db: { [Error: connect ECONNREFUSED]
  code: 'ECONNREFUSED',
  errno: 'ECONNREFUSED',
  syscall: 'connect',
  fatal: true }
error when connecting to db: { [Error: connect ECONNREFUSED]
  code: 'ECONNREFUSED',
  errno: 'ECONNREFUSED',
  syscall: 'connect',
  fatal: true }
error when connecting to db: { [Error: connect ECONNREFUSED]
  code: 'ECONNREFUSED',
  errno: 'ECONNREFUSED',
  syscall: 'connect',
  fatal: true }
